  [1m[35m (0.1ms)[0m  [1m[34mSELECT sqlite_version(*)[0m
  ↳ bin/rails:9
  [1m[35m (20.1ms)[0m  [1m[35mCREATE TABLE "schema_migrations" ("version" varchar NOT NULL PRIMARY KEY)[0m
  ↳ bin/rails:9
  [1m[35m (16.6ms)[0m  [1m[35mCREATE TABLE "ar_internal_metadata" ("key" varchar NOT NULL PRIMARY KEY, "value" varchar, "created_at" datetime NOT NULL, "updated_at" datetime NOT NULL)[0m
  ↳ bin/rails:9
  [1m[35m (0.3ms)[0m  [1m[34mSELECT "schema_migrations"."version" FROM "schema_migrations" ORDER BY "schema_migrations"."version" ASC[0m
  ↳ bin/rails:9
Migrating to CreateUsers (20200401225432)
  [1m[35m (0.1ms)[0m  [1m[36mbegin transaction[0m
  ↳ bin/rails:9
  [1m[35m (0.6ms)[0m  [1m[35mCREATE TABLE "users" ("id" integer PRIMARY KEY AUTOINCREMENT NOT NULL, "username" varchar, "password_digest" varchar, "karma" integer, "created_at" datetime NOT NULL, "updated_at" datetime NOT NULL)[0m
  ↳ db/migrate/20200401225432_create_users.rb:3
  [1m[36mActiveRecord::SchemaMigration Create (0.3ms)[0m  [1m[32mINSERT INTO "schema_migrations" ("version") VALUES (?)[0m  [["version", "20200401225432"]]
  ↳ bin/rails:9
  [1m[35m (18.8ms)[0m  [1m[36mcommit transaction[0m
  ↳ bin/rails:9
Migrating to CreatePosts (20200401225615)
  [1m[35m (0.1ms)[0m  [1m[36mbegin transaction[0m
  ↳ bin/rails:9
  [1m[35m (1.3ms)[0m  [1m[35mCREATE TABLE "posts" ("id" integer PRIMARY KEY AUTOINCREMENT NOT NULL, "title" varchar, "body" varchar, "likes" integer, "created_at" datetime NOT NULL, "updated_at" datetime NOT NULL)[0m
  ↳ db/migrate/20200401225615_create_posts.rb:3
  [1m[36mActiveRecord::SchemaMigration Create (0.3ms)[0m  [1m[32mINSERT INTO "schema_migrations" ("version") VALUES (?)[0m  [["version", "20200401225615"]]
  ↳ bin/rails:9
  [1m[35m (17.0ms)[0m  [1m[36mcommit transaction[0m
  ↳ bin/rails:9
Migrating to CreateComments (20200401225708)
  [1m[35m (0.1ms)[0m  [1m[36mbegin transaction[0m
  ↳ bin/rails:9
  [1m[35m (0.8ms)[0m  [1m[35mCREATE TABLE "comments" ("id" integer PRIMARY KEY AUTOINCREMENT NOT NULL, "body" varchar, "likes" integer, "created_at" datetime NOT NULL, "updated_at" datetime NOT NULL)[0m
  ↳ db/migrate/20200401225708_create_comments.rb:3
  [1m[36mActiveRecord::SchemaMigration Create (0.2ms)[0m  [1m[32mINSERT INTO "schema_migrations" ("version") VALUES (?)[0m  [["version", "20200401225708"]]
  ↳ bin/rails:9
  [1m[35m (16.7ms)[0m  [1m[36mcommit transaction[0m
  ↳ bin/rails:9
  [1m[36mActiveRecord::InternalMetadata Load (0.3ms)[0m  [1m[34mSELECT  "ar_internal_metadata".* FROM "ar_internal_metadata" WHERE "ar_internal_metadata"."key" = ? LIMIT ?[0m  [["key", "environment"], ["LIMIT", 1]]
  ↳ bin/rails:9
  [1m[35m (0.1ms)[0m  [1m[36mbegin transaction[0m
  ↳ bin/rails:9
  [1m[36mActiveRecord::InternalMetadata Create (0.4ms)[0m  [1m[32mINSERT INTO "ar_internal_metadata" ("key", "value", "created_at", "updated_at") VALUES (?, ?, ?, ?)[0m  [["key", "environment"], ["value", "development"], ["created_at", "2020-04-02 00:41:38.240471"], ["updated_at", "2020-04-02 00:41:38.240471"]]
  ↳ bin/rails:9
  [1m[35m (13.3ms)[0m  [1m[36mcommit transaction[0m
  ↳ bin/rails:9
  [1m[35m (0.1ms)[0m  [1m[34mSELECT "schema_migrations"."version" FROM "schema_migrations" ORDER BY "schema_migrations"."version" ASC[0m
  ↳ bin/rails:9
  [1m[36mUser Load (0.6ms)[0m  [1m[34mSELECT  "users".* FROM "users" LIMIT ?[0m  [["LIMIT", 11]]
Started GET "/" for ::1 at 2020-04-02 11:11:34 -0400
  [1m[35m (0.1ms)[0m  [1m[34mSELECT "schema_migrations"."version" FROM "schema_migrations" ORDER BY "schema_migrations"."version" ASC[0m
  ↳ /home/mrgray/.rbenv/versions/2.6.5/lib/ruby/gems/2.6.0/gems/activerecord-5.2.4.2/lib/active_record/log_subscriber.rb:98
Processing by Rails::WelcomeController#index as HTML
  Rendering /home/mrgray/.rbenv/versions/2.6.5/lib/ruby/gems/2.6.0/gems/railties-5.2.4.2/lib/rails/templates/rails/welcome/index.html.erb
  Rendered /home/mrgray/.rbenv/versions/2.6.5/lib/ruby/gems/2.6.0/gems/railties-5.2.4.2/lib/rails/templates/rails/welcome/index.html.erb (6.0ms)
Completed 200 OK in 25ms (Views: 13.5ms | ActiveRecord: 0.0ms)


Started GET "/erd" for ::1 at 2020-04-02 11:11:36 -0400
Processing by Erd::ErdController#index as HTML
  Rendering /home/mrgray/.rbenv/versions/2.6.5/lib/ruby/gems/2.6.0/gems/erd-0.6.4/app/views/erd/erd/erd.html.erb
  Rendered collection of /home/mrgray/.rbenv/versions/2.6.5/lib/ruby/gems/2.6.0/gems/erd-0.6.4/app/views/erd/erd/_column.html.erb [2 times] (0.6ms)
  Rendered collection of /home/mrgray/.rbenv/versions/2.6.5/lib/ruby/gems/2.6.0/gems/erd-0.6.4/app/views/erd/erd/_column.html.erb [3 times] (0.1ms)
  Rendered collection of /home/mrgray/.rbenv/versions/2.6.5/lib/ruby/gems/2.6.0/gems/erd-0.6.4/app/views/erd/erd/_column.html.erb [3 times] (0.1ms)
  Rendered collection of /home/mrgray/.rbenv/versions/2.6.5/lib/ruby/gems/2.6.0/gems/erd-0.6.4/app/views/erd/erd/_model.html.erb [3 times] (6.9ms)
  Rendered /home/mrgray/.rbenv/versions/2.6.5/lib/ruby/gems/2.6.0/gems/erd-0.6.4/app/views/erd/erd/erd.html.erb (11.3ms)
  [1m[35m (0.1ms)[0m  [1m[34mSELECT version FROM schema_migrations[0m
  ↳ /home/mrgray/.rbenv/versions/2.6.5/lib/ruby/gems/2.6.0/gems/activerecord-5.2.4.2/lib/active_record/log_subscriber.rb:98
  Rendering /home/mrgray/.rbenv/versions/2.6.5/lib/ruby/gems/2.6.0/gems/erd-0.6.4/app/views/erd/erd/index.html.erb within layouts/erd/application
  Rendered /home/mrgray/.rbenv/versions/2.6.5/lib/ruby/gems/2.6.0/gems/erd-0.6.4/app/views/erd/erd/index.html.erb within layouts/erd/application (1.9ms)
Completed 200 OK in 544ms (Views: 242.7ms | ActiveRecord: 1.7ms)


Started GET "/erd" for ::1 at 2020-04-02 11:12:51 -0400
  [1m[35m (0.2ms)[0m  [1m[34mSELECT "schema_migrations"."version" FROM "schema_migrations" ORDER BY "schema_migrations"."version" ASC[0m
  ↳ /home/mrgray/.rbenv/versions/2.6.5/lib/ruby/gems/2.6.0/gems/activerecord-5.2.4.2/lib/active_record/log_subscriber.rb:98
Processing by Erd::ErdController#index as HTML
  Rendering /home/mrgray/.rbenv/versions/2.6.5/lib/ruby/gems/2.6.0/gems/erd-0.6.4/app/views/erd/erd/erd.html.erb
  Rendered collection of /home/mrgray/.rbenv/versions/2.6.5/lib/ruby/gems/2.6.0/gems/erd-0.6.4/app/views/erd/erd/_column.html.erb [2 times] (0.5ms)
  Rendered collection of /home/mrgray/.rbenv/versions/2.6.5/lib/ruby/gems/2.6.0/gems/erd-0.6.4/app/views/erd/erd/_column.html.erb [3 times] (0.1ms)
  Rendered collection of /home/mrgray/.rbenv/versions/2.6.5/lib/ruby/gems/2.6.0/gems/erd-0.6.4/app/views/erd/erd/_column.html.erb [3 times] (0.1ms)
  Rendered collection of /home/mrgray/.rbenv/versions/2.6.5/lib/ruby/gems/2.6.0/gems/erd-0.6.4/app/views/erd/erd/_model.html.erb [3 times] (3.9ms)
  Rendered /home/mrgray/.rbenv/versions/2.6.5/lib/ruby/gems/2.6.0/gems/erd-0.6.4/app/views/erd/erd/erd.html.erb (29.0ms)
  [1m[35m (0.1ms)[0m  [1m[34mSELECT version FROM schema_migrations[0m
  ↳ /home/mrgray/.rbenv/versions/2.6.5/lib/ruby/gems/2.6.0/gems/activerecord-5.2.4.2/lib/active_record/log_subscriber.rb:98
  Rendering /home/mrgray/.rbenv/versions/2.6.5/lib/ruby/gems/2.6.0/gems/erd-0.6.4/app/views/erd/erd/index.html.erb within layouts/erd/application
  Rendered /home/mrgray/.rbenv/versions/2.6.5/lib/ruby/gems/2.6.0/gems/erd-0.6.4/app/views/erd/erd/index.html.erb within layouts/erd/application (4.2ms)
Completed 200 OK in 351ms (Views: 210.7ms | ActiveRecord: 1.1ms)


Started GET "/erd" for ::1 at 2020-04-02 11:14:28 -0400
  [1m[35m (0.3ms)[0m  [1m[34mSELECT "schema_migrations"."version" FROM "schema_migrations" ORDER BY "schema_migrations"."version" ASC[0m
  ↳ /home/mrgray/.rbenv/versions/2.6.5/lib/ruby/gems/2.6.0/gems/activerecord-5.2.4.2/lib/active_record/log_subscriber.rb:98
Processing by Erd::ErdController#index as HTML
  Rendering /home/mrgray/.rbenv/versions/2.6.5/lib/ruby/gems/2.6.0/gems/erd-0.6.4/app/views/erd/erd/erd.html.erb
  Rendered collection of /home/mrgray/.rbenv/versions/2.6.5/lib/ruby/gems/2.6.0/gems/erd-0.6.4/app/views/erd/erd/_column.html.erb [2 times] (1.1ms)
  Rendered collection of /home/mrgray/.rbenv/versions/2.6.5/lib/ruby/gems/2.6.0/gems/erd-0.6.4/app/views/erd/erd/_column.html.erb [3 times] (0.2ms)
  Rendered collection of /home/mrgray/.rbenv/versions/2.6.5/lib/ruby/gems/2.6.0/gems/erd-0.6.4/app/views/erd/erd/_column.html.erb [3 times] (0.5ms)
  Rendered collection of /home/mrgray/.rbenv/versions/2.6.5/lib/ruby/gems/2.6.0/gems/erd-0.6.4/app/views/erd/erd/_model.html.erb [3 times] (6.9ms)
  Rendered /home/mrgray/.rbenv/versions/2.6.5/lib/ruby/gems/2.6.0/gems/erd-0.6.4/app/views/erd/erd/erd.html.erb (10.6ms)
  [1m[35m (0.6ms)[0m  [1m[34mSELECT version FROM schema_migrations[0m
  ↳ /home/mrgray/.rbenv/versions/2.6.5/lib/ruby/gems/2.6.0/gems/activerecord-5.2.4.2/lib/active_record/log_subscriber.rb:98
  Rendering /home/mrgray/.rbenv/versions/2.6.5/lib/ruby/gems/2.6.0/gems/erd-0.6.4/app/views/erd/erd/index.html.erb within layouts/erd/application
  Rendered /home/mrgray/.rbenv/versions/2.6.5/lib/ruby/gems/2.6.0/gems/erd-0.6.4/app/views/erd/erd/index.html.erb within layouts/erd/application (2.8ms)
Completed 200 OK in 406ms (Views: 229.6ms | ActiveRecord: 4.8ms)


Started GET "/erd" for ::1 at 2020-04-02 11:14:51 -0400
  [1m[35m (0.2ms)[0m  [1m[34mSELECT "schema_migrations"."version" FROM "schema_migrations" ORDER BY "schema_migrations"."version" ASC[0m
  ↳ /home/mrgray/.rbenv/versions/2.6.5/lib/ruby/gems/2.6.0/gems/activerecord-5.2.4.2/lib/active_record/log_subscriber.rb:98
Processing by Erd::ErdController#index as HTML
  Rendering /home/mrgray/.rbenv/versions/2.6.5/lib/ruby/gems/2.6.0/gems/erd-0.6.4/app/views/erd/erd/erd.html.erb
  Rendered collection of /home/mrgray/.rbenv/versions/2.6.5/lib/ruby/gems/2.6.0/gems/erd-0.6.4/app/views/erd/erd/_column.html.erb [2 times] (1.3ms)
  Rendered collection of /home/mrgray/.rbenv/versions/2.6.5/lib/ruby/gems/2.6.0/gems/erd-0.6.4/app/views/erd/erd/_column.html.erb [3 times] (0.5ms)
  Rendered collection of /home/mrgray/.rbenv/versions/2.6.5/lib/ruby/gems/2.6.0/gems/erd-0.6.4/app/views/erd/erd/_column.html.erb [3 times] (2.0ms)
  Rendered collection of /home/mrgray/.rbenv/versions/2.6.5/lib/ruby/gems/2.6.0/gems/erd-0.6.4/app/views/erd/erd/_model.html.erb [3 times] (14.6ms)
  Rendered /home/mrgray/.rbenv/versions/2.6.5/lib/ruby/gems/2.6.0/gems/erd-0.6.4/app/views/erd/erd/erd.html.erb (19.0ms)
  [1m[35m (0.1ms)[0m  [1m[34mSELECT version FROM schema_migrations[0m
  ↳ /home/mrgray/.rbenv/versions/2.6.5/lib/ruby/gems/2.6.0/gems/activerecord-5.2.4.2/lib/active_record/log_subscriber.rb:98
  Rendering /home/mrgray/.rbenv/versions/2.6.5/lib/ruby/gems/2.6.0/gems/erd-0.6.4/app/views/erd/erd/index.html.erb within layouts/erd/application
  Rendered /home/mrgray/.rbenv/versions/2.6.5/lib/ruby/gems/2.6.0/gems/erd-0.6.4/app/views/erd/erd/index.html.erb within layouts/erd/application (3.7ms)
Completed 200 OK in 496ms (Views: 274.1ms | ActiveRecord: 2.5ms)


Started GET "/erd" for ::1 at 2020-04-02 11:16:53 -0400
  [1m[35m (0.3ms)[0m  [1m[34mSELECT "schema_migrations"."version" FROM "schema_migrations" ORDER BY "schema_migrations"."version" ASC[0m
  ↳ /home/mrgray/.rbenv/versions/2.6.5/lib/ruby/gems/2.6.0/gems/activerecord-5.2.4.2/lib/active_record/log_subscriber.rb:98
Processing by Erd::ErdController#index as HTML
  Rendering /home/mrgray/.rbenv/versions/2.6.5/lib/ruby/gems/2.6.0/gems/erd-0.6.4/app/views/erd/erd/erd.html.erb
  Rendered collection of /home/mrgray/.rbenv/versions/2.6.5/lib/ruby/gems/2.6.0/gems/erd-0.6.4/app/views/erd/erd/_column.html.erb [2 times] (0.7ms)
  Rendered collection of /home/mrgray/.rbenv/versions/2.6.5/lib/ruby/gems/2.6.0/gems/erd-0.6.4/app/views/erd/erd/_column.html.erb [3 times] (0.1ms)
  Rendered collection of /home/mrgray/.rbenv/versions/2.6.5/lib/ruby/gems/2.6.0/gems/erd-0.6.4/app/views/erd/erd/_column.html.erb [3 times] (0.1ms)
  Rendered collection of /home/mrgray/.rbenv/versions/2.6.5/lib/ruby/gems/2.6.0/gems/erd-0.6.4/app/views/erd/erd/_model.html.erb [3 times] (4.6ms)
  Rendered /home/mrgray/.rbenv/versions/2.6.5/lib/ruby/gems/2.6.0/gems/erd-0.6.4/app/views/erd/erd/erd.html.erb (7.0ms)
  [1m[35m (0.1ms)[0m  [1m[34mSELECT version FROM schema_migrations[0m
  ↳ /home/mrgray/.rbenv/versions/2.6.5/lib/ruby/gems/2.6.0/gems/activerecord-5.2.4.2/lib/active_record/log_subscriber.rb:98
  Rendering /home/mrgray/.rbenv/versions/2.6.5/lib/ruby/gems/2.6.0/gems/erd-0.6.4/app/views/erd/erd/index.html.erb within layouts/erd/application
  Rendered /home/mrgray/.rbenv/versions/2.6.5/lib/ruby/gems/2.6.0/gems/erd-0.6.4/app/views/erd/erd/index.html.erb within layouts/erd/application (19.8ms)
Completed 200 OK in 346ms (Views: 215.9ms | ActiveRecord: 1.4ms)


  [1m[35m (0.2ms)[0m  [1m[36mbegin transaction[0m
  [1m[35m (0.1ms)[0m  [1m[31mrollback transaction[0m
  [1m[36mUser Load (0.2ms)[0m  [1m[34mSELECT  "users".* FROM "users" LIMIT ?[0m  [["LIMIT", 11]]
  [1m[35m (0.1ms)[0m  [1m[36mbegin transaction[0m
  [1m[35m (0.1ms)[0m  [1m[31mrollback transaction[0m
  [1m[35m (0.1ms)[0m  [1m[36mbegin transaction[0m
  [1m[35m (0.1ms)[0m  [1m[31mrollback transaction[0m
  [1m[35m (0.1ms)[0m  [1m[36mbegin transaction[0m
  [1m[36mUser Create (1.0ms)[0m  [1m[32mINSERT INTO "users" ("username", "password_digest", "created_at", "updated_at") VALUES (?, ?, ?, ?)[0m  [["username", "danny"], ["password_digest", "$2a$12$zjB9itvdarlYC1vIWZOkTehZAlExrT2sYRq5NPeLRTIoYushDAP4C"], ["created_at", "2020-04-02 15:24:14.985249"], ["updated_at", "2020-04-02 15:24:14.985249"]]
  [1m[35m (20.0ms)[0m  [1m[36mcommit transaction[0m
  [1m[35m (0.1ms)[0m  [1m[36mbegin transaction[0m
  [1m[35m (0.1ms)[0m  [1m[31mrollback transaction[0m
  [1m[35m (0.2ms)[0m  [1m[34mSELECT "schema_migrations"."version" FROM "schema_migrations" ORDER BY "schema_migrations"."version" ASC[0m
  ↳ bin/rails:9
Migrating to AddColumnUserId (20200402152525)
  [1m[35m (0.1ms)[0m  [1m[36mbegin transaction[0m
  ↳ bin/rails:9
  [1m[35m (3.2ms)[0m  [1m[35mALTER TABLE "post" ADD "user_id" integer[0m
  ↳ db/migrate/20200402152525_add_column_user_id.rb:3
  [1m[35m (0.1ms)[0m  [1m[31mrollback transaction[0m
  ↳ bin/rails:9
  [1m[35m (1.6ms)[0m  [1m[34mSELECT "schema_migrations"."version" FROM "schema_migrations" ORDER BY "schema_migrations"."version" ASC[0m
  ↳ bin/rails:9
Migrating to AddColumnUserId (20200402152525)
  [1m[35m (0.1ms)[0m  [1m[36mbegin transaction[0m
  ↳ bin/rails:9
  [1m[35m (0.5ms)[0m  [1m[35mALTER TABLE "posts" ADD "user_id" integer[0m
  ↳ db/migrate/20200402152525_add_column_user_id.rb:3
  [1m[36mActiveRecord::SchemaMigration Create (0.2ms)[0m  [1m[32mINSERT INTO "schema_migrations" ("version") VALUES (?)[0m  [["version", "20200402152525"]]
  ↳ bin/rails:9
  [1m[35m (13.2ms)[0m  [1m[36mcommit transaction[0m
  ↳ bin/rails:9
  [1m[36mActiveRecord::InternalMetadata Load (0.3ms)[0m  [1m[34mSELECT  "ar_internal_metadata".* FROM "ar_internal_metadata" WHERE "ar_internal_metadata"."key" = ? LIMIT ?[0m  [["key", "environment"], ["LIMIT", 1]]
  ↳ bin/rails:9
  [1m[35m (0.1ms)[0m  [1m[36mbegin transaction[0m
  ↳ bin/rails:9
  [1m[35m (2.2ms)[0m  [1m[36mcommit transaction[0m
  ↳ bin/rails:9
  [1m[35m (0.2ms)[0m  [1m[34mSELECT "schema_migrations"."version" FROM "schema_migrations" ORDER BY "schema_migrations"."version" ASC[0m
  ↳ bin/rails:9
  [1m[36mUser Load (0.5ms)[0m  [1m[34mSELECT  "users".* FROM "users" LIMIT ?[0m  [["LIMIT", 11]]
  [1m[36mUser Load (0.3ms)[0m  [1m[34mSELECT  "users".* FROM "users" ORDER BY "users"."id" ASC LIMIT ?[0m  [["LIMIT", 1]]
  [1m[36mPost Load (0.2ms)[0m  [1m[34mSELECT  "posts".* FROM "posts" WHERE "posts"."user_id" = ? LIMIT ?[0m  [["user_id", 1], ["LIMIT", 11]]
  [1m[36mUser Load (0.2ms)[0m  [1m[34mSELECT  "users".* FROM "users" ORDER BY "users"."id" ASC LIMIT ?[0m  [["LIMIT", 1]]
  [1m[35m (0.2ms)[0m  [1m[36mbegin transaction[0m
  [1m[36mUser Load (0.2ms)[0m  [1m[34mSELECT  "users".* FROM "users" WHERE "users"."id" = ? LIMIT ?[0m  [["id", 1], ["LIMIT", 1]]
  [1m[36mPost Create (0.5ms)[0m  [1m[32mINSERT INTO "posts" ("title", "body", "created_at", "updated_at", "user_id") VALUES (?, ?, ?, ?, ?)[0m  [["title", "i am title"], ["body", "body of the post"], ["created_at", "2020-04-02 15:33:08.405435"], ["updated_at", "2020-04-02 15:33:08.405435"], ["user_id", 1]]
  [1m[35m (16.0ms)[0m  [1m[36mcommit transaction[0m
  [1m[36mPost Load (0.6ms)[0m  [1m[34mSELECT  "posts".* FROM "posts" ORDER BY "posts"."id" ASC LIMIT ?[0m  [["LIMIT", 1]]
  [1m[36mUser Load (0.4ms)[0m  [1m[34mSELECT  "users".* FROM "users" WHERE "users"."id" = ? LIMIT ?[0m  [["id", 1], ["LIMIT", 1]]
  [1m[36mPost Load (0.4ms)[0m  [1m[34mSELECT  "posts".* FROM "posts" ORDER BY "posts"."id" ASC LIMIT ?[0m  [["LIMIT", 1]]
  [1m[36mPost Load (0.3ms)[0m  [1m[34mSELECT  "posts".* FROM "posts" ORDER BY "posts"."id" ASC LIMIT ?[0m  [["LIMIT", 1]]
  [1m[36mUser Load (0.3ms)[0m  [1m[34mSELECT  "users".* FROM "users" WHERE "users"."id" = ? LIMIT ?[0m  [["id", 1], ["LIMIT", 1]]
  [1m[35m (0.2ms)[0m  [1m[34mSELECT "schema_migrations"."version" FROM "schema_migrations" ORDER BY "schema_migrations"."version" ASC[0m
  ↳ bin/rails:9
Migrating to AddColumnUserIdToComments (20200402153513)
  [1m[35m (0.1ms)[0m  [1m[36mbegin transaction[0m
  ↳ bin/rails:9
  [1m[35m (0.6ms)[0m  [1m[35mALTER TABLE "comments" ADD "user_id" integer[0m
  ↳ db/migrate/20200402153513_add_column_user_id_to_comments.rb:3
  [1m[36mActiveRecord::SchemaMigration Create (0.3ms)[0m  [1m[32mINSERT INTO "schema_migrations" ("version") VALUES (?)[0m  [["version", "20200402153513"]]
  ↳ bin/rails:9
  [1m[35m (15.5ms)[0m  [1m[36mcommit transaction[0m
  ↳ bin/rails:9
  [1m[36mActiveRecord::InternalMetadata Load (0.4ms)[0m  [1m[34mSELECT  "ar_internal_metadata".* FROM "ar_internal_metadata" WHERE "ar_internal_metadata"."key" = ? LIMIT ?[0m  [["key", "environment"], ["LIMIT", 1]]
  ↳ bin/rails:9
  [1m[35m (0.1ms)[0m  [1m[36mbegin transaction[0m
  ↳ bin/rails:9
  [1m[35m (1.6ms)[0m  [1m[36mcommit transaction[0m
  ↳ bin/rails:9
  [1m[35m (0.1ms)[0m  [1m[34mSELECT "schema_migrations"."version" FROM "schema_migrations" ORDER BY "schema_migrations"."version" ASC[0m
  ↳ bin/rails:9
  [1m[35m (0.2ms)[0m  [1m[34mSELECT "schema_migrations"."version" FROM "schema_migrations" ORDER BY "schema_migrations"."version" ASC[0m
  ↳ bin/rails:9
  [1m[35m (1.2ms)[0m  [1m[34mSELECT "schema_migrations"."version" FROM "schema_migrations" ORDER BY "schema_migrations"."version" ASC[0m
  ↳ bin/rails:9
  [1m[35m (0.1ms)[0m  [1m[34mSELECT "schema_migrations"."version" FROM "schema_migrations" ORDER BY "schema_migrations"."version" ASC[0m
  ↳ bin/rails:9
  [1m[35m (0.1ms)[0m  [1m[34mSELECT "schema_migrations"."version" FROM "schema_migrations" ORDER BY "schema_migrations"."version" ASC[0m
  ↳ bin/rails:9
Migrating to AddColumnUserIdToComments (20200402153513)
  [1m[35m (0.1ms)[0m  [1m[36mbegin transaction[0m
  ↳ bin/rails:9
  [1m[35m (0.1ms)[0m  [1m[34mSELECT sqlite_version(*)[0m
  ↳ bin/rails:9
  [1m[35m (0.3ms)[0m  [1m[35mCREATE TEMPORARY TABLE "acomments" ("id" integer NOT NULL PRIMARY KEY, "body" varchar DEFAULT NULL, "likes" integer DEFAULT NULL, "created_at" datetime NOT NULL, "updated_at" datetime NOT NULL, "user_id" integer DEFAULT NULL)[0m
  ↳ bin/rails:9
  [1m[35m (0.1ms)[0m  [1m[32mINSERT INTO "acomments" ("id","body","likes","created_at","updated_at","user_id")
                     SELECT "id","body","likes","created_at","updated_at","user_id" FROM "comments"[0m
  ↳ bin/rails:9
  [1m[35m (0.4ms)[0m  [1m[35mDROP TABLE "comments"[0m
  ↳ bin/rails:9
  [1m[35m (0.3ms)[0m  [1m[35mCREATE TABLE "comments" ("id" integer NOT NULL PRIMARY KEY, "body" varchar DEFAULT NULL, "likes" integer DEFAULT NULL, "created_at" datetime NOT NULL, "updated_at" datetime NOT NULL)[0m
  ↳ bin/rails:9
  [1m[35m (0.1ms)[0m  [1m[32mINSERT INTO "comments" ("id","body","likes","created_at","updated_at")
                     SELECT "id","body","likes","created_at","updated_at" FROM "acomments"[0m
  ↳ bin/rails:9
  [1m[35m (0.3ms)[0m  [1m[35mDROP TABLE "acomments"[0m
  ↳ bin/rails:9
  [1m[36mActiveRecord::SchemaMigration Destroy (0.2ms)[0m  [1m[31mDELETE FROM "schema_migrations" WHERE "schema_migrations"."version" = ?[0m  [["version", "20200402153513"]]
  ↳ bin/rails:9
  [1m[35m (22.8ms)[0m  [1m[36mcommit transaction[0m
  ↳ bin/rails:9
  [1m[35m (0.2ms)[0m  [1m[34mSELECT "schema_migrations"."version" FROM "schema_migrations" ORDER BY "schema_migrations"."version" ASC[0m
  ↳ bin/rails:9
  [1m[35m (0.2ms)[0m  [1m[34mSELECT "schema_migrations"."version" FROM "schema_migrations" ORDER BY "schema_migrations"."version" ASC[0m
  ↳ bin/rails:9
Migrating to AddColumnUserIdToComments (20200402153513)
  [1m[35m (0.1ms)[0m  [1m[36mbegin transaction[0m
  ↳ bin/rails:9
  [1m[35m (0.6ms)[0m  [1m[35mALTER TABLE "comments" ADD "user_id" integer[0m
  ↳ db/migrate/20200402153513_add_column_user_id_to_comments.rb:3
  [1m[36mActiveRecord::SchemaMigration Create (0.2ms)[0m  [1m[32mINSERT INTO "schema_migrations" ("version") VALUES (?)[0m  [["version", "20200402153513"]]
  ↳ bin/rails:9
  [1m[35m (15.4ms)[0m  [1m[36mcommit transaction[0m
  ↳ bin/rails:9
  [1m[36mActiveRecord::InternalMetadata Load (0.2ms)[0m  [1m[34mSELECT  "ar_internal_metadata".* FROM "ar_internal_metadata" WHERE "ar_internal_metadata"."key" = ? LIMIT ?[0m  [["key", "environment"], ["LIMIT", 1]]
  ↳ bin/rails:9
  [1m[35m (0.1ms)[0m  [1m[36mbegin transaction[0m
  ↳ bin/rails:9
  [1m[35m (0.0ms)[0m  [1m[36mcommit transaction[0m
  ↳ bin/rails:9
  [1m[35m (0.2ms)[0m  [1m[34mSELECT "schema_migrations"."version" FROM "schema_migrations" ORDER BY "schema_migrations"."version" ASC[0m
  ↳ bin/rails:9
  [1m[35m (0.2ms)[0m  [1m[36mbegin transaction[0m
  [1m[35m (0.1ms)[0m  [1m[31mrollback transaction[0m
  [1m[35m (0.2ms)[0m  [1m[34mSELECT "schema_migrations"."version" FROM "schema_migrations" ORDER BY "schema_migrations"."version" ASC[0m
  ↳ bin/rails:9
  [1m[35m (1.7ms)[0m  [1m[34mSELECT "schema_migrations"."version" FROM "schema_migrations" ORDER BY "schema_migrations"."version" ASC[0m
  ↳ bin/rails:9
  [1m[35m (0.1ms)[0m  [1m[34mSELECT "schema_migrations"."version" FROM "schema_migrations" ORDER BY "schema_migrations"."version" ASC[0m
  ↳ bin/rails:9
  [1m[35m (0.1ms)[0m  [1m[34mSELECT "schema_migrations"."version" FROM "schema_migrations" ORDER BY "schema_migrations"."version" ASC[0m
  ↳ bin/rails:9
Migrating to AddColumnUserIdToComments (20200402153513)
  [1m[35m (0.1ms)[0m  [1m[36mbegin transaction[0m
  ↳ bin/rails:9
  [1m[35m (0.1ms)[0m  [1m[34mSELECT sqlite_version(*)[0m
  ↳ bin/rails:9
  [1m[35m (0.3ms)[0m  [1m[35mCREATE TEMPORARY TABLE "acomments" ("id" integer NOT NULL PRIMARY KEY, "body" varchar DEFAULT NULL, "likes" integer DEFAULT NULL, "created_at" datetime NOT NULL, "updated_at" datetime NOT NULL, "user_id" integer DEFAULT NULL)[0m
  ↳ bin/rails:9
  [1m[35m (0.1ms)[0m  [1m[32mINSERT INTO "acomments" ("id","body","likes","created_at","updated_at","user_id")
                     SELECT "id","body","likes","created_at","updated_at","user_id" FROM "comments"[0m
  ↳ bin/rails:9
  [1m[35m (0.4ms)[0m  [1m[35mDROP TABLE "comments"[0m
  ↳ bin/rails:9
  [1m[35m (0.1ms)[0m  [1m[35mCREATE TABLE "comments" ("id" integer NOT NULL PRIMARY KEY, "body" varchar DEFAULT NULL, "likes" integer DEFAULT NULL, "created_at" datetime NOT NULL, "updated_at" datetime NOT NULL)[0m
  ↳ bin/rails:9
  [1m[35m (0.1ms)[0m  [1m[32mINSERT INTO "comments" ("id","body","likes","created_at","updated_at")
                     SELECT "id","body","likes","created_at","updated_at" FROM "acomments"[0m
  ↳ bin/rails:9
  [1m[35m (2.2ms)[0m  [1m[35mDROP TABLE "acomments"[0m
  ↳ bin/rails:9
  [1m[36mActiveRecord::SchemaMigration Destroy (0.3ms)[0m  [1m[31mDELETE FROM "schema_migrations" WHERE "schema_migrations"."version" = ?[0m  [["version", "20200402153513"]]
  ↳ bin/rails:9
  [1m[35m (17.2ms)[0m  [1m[36mcommit transaction[0m
  ↳ bin/rails:9
  [1m[35m (0.3ms)[0m  [1m[34mSELECT "schema_migrations"."version" FROM "schema_migrations" ORDER BY "schema_migrations"."version" ASC[0m
  ↳ bin/rails:9
  [1m[35m (0.2ms)[0m  [1m[34mSELECT "schema_migrations"."version" FROM "schema_migrations" ORDER BY "schema_migrations"."version" ASC[0m
  ↳ bin/rails:9
Migrating to AddColumnUserIdToComments (20200402153513)
  [1m[35m (0.1ms)[0m  [1m[36mbegin transaction[0m
  ↳ bin/rails:9
  [1m[35m (0.5ms)[0m  [1m[35mALTER TABLE "comments" ADD "user_id" integer[0m
  ↳ db/migrate/20200402153513_add_column_user_id_to_comments.rb:3
  [1m[35m (0.4ms)[0m  [1m[35mALTER TABLE "comments" ADD "post_id" integer[0m
  ↳ db/migrate/20200402153513_add_column_user_id_to_comments.rb:4
  [1m[36mActiveRecord::SchemaMigration Create (0.2ms)[0m  [1m[32mINSERT INTO "schema_migrations" ("version") VALUES (?)[0m  [["version", "20200402153513"]]
  ↳ bin/rails:9
  [1m[35m (13.8ms)[0m  [1m[36mcommit transaction[0m
  ↳ bin/rails:9
  [1m[36mActiveRecord::InternalMetadata Load (0.3ms)[0m  [1m[34mSELECT  "ar_internal_metadata".* FROM "ar_internal_metadata" WHERE "ar_internal_metadata"."key" = ? LIMIT ?[0m  [["key", "environment"], ["LIMIT", 1]]
  ↳ bin/rails:9
  [1m[35m (0.1ms)[0m  [1m[36mbegin transaction[0m
  ↳ bin/rails:9
  [1m[35m (0.1ms)[0m  [1m[36mcommit transaction[0m
  ↳ bin/rails:9
  [1m[35m (0.1ms)[0m  [1m[34mSELECT "schema_migrations"."version" FROM "schema_migrations" ORDER BY "schema_migrations"."version" ASC[0m
  ↳ bin/rails:9
  [1m[36mUser Load (0.2ms)[0m  [1m[34mSELECT  "users".* FROM "users" WHERE "users"."id" = ? LIMIT ?[0m  [["id", 1], ["LIMIT", 1]]
  [1m[36mPost Load (0.3ms)[0m  [1m[34mSELECT  "posts".* FROM "posts" WHERE "posts"."id" = ? LIMIT ?[0m  [["id", 1], ["LIMIT", 1]]
  [1m[36mPost Load (0.7ms)[0m  [1m[34mSELECT  "posts".* FROM "posts" LIMIT ?[0m  [["LIMIT", 11]]
  [1m[36mUser Load (0.5ms)[0m  [1m[34mSELECT  "users".* FROM "users" LIMIT ?[0m  [["LIMIT", 11]]
  [1m[35m (0.2ms)[0m  [1m[36mbegin transaction[0m
  [1m[36mUser Create (0.5ms)[0m  [1m[32mINSERT INTO "users" ("username", "password_digest", "created_at", "updated_at") VALUES (?, ?, ?, ?)[0m  [["username", "john"], ["password_digest", "$2a$12$Arx6vP8L8bBz.0brW2.ECe9eJYeNM5l0rjTh4R7UuYgGDNv00qwFO"], ["created_at", "2020-04-02 15:59:26.090145"], ["updated_at", "2020-04-02 15:59:26.090145"]]
  [1m[35m (19.9ms)[0m  [1m[36mcommit transaction[0m
  [1m[36mUser Load (0.2ms)[0m  [1m[34mSELECT  "users".* FROM "users" WHERE "users"."username" = ? LIMIT ?[0m  [["username", "john"], ["LIMIT", 1]]
  [1m[36mUser Load (0.4ms)[0m  [1m[34mSELECT  "users".* FROM "users" WHERE "users"."id" = ? LIMIT ?[0m  [["id", 2], ["LIMIT", 1]]
  [1m[36mPost Load (0.3ms)[0m  [1m[34mSELECT  "posts".* FROM "posts" WHERE "posts"."id" = ? LIMIT ?[0m  [["id", 1], ["LIMIT", 1]]
  [1m[35m (0.1ms)[0m  [1m[36mbegin transaction[0m
  [1m[36mComment Create (0.8ms)[0m  [1m[32mINSERT INTO "comments" ("body", "created_at", "updated_at", "user_id", "post_id") VALUES (?, ?, ?, ?, ?)[0m  [["body", "hello there, i like this post"], ["created_at", "2020-04-02 16:13:36.898382"], ["updated_at", "2020-04-02 16:13:36.898382"], ["user_id", 2], ["post_id", 1]]
  [1m[35m (15.2ms)[0m  [1m[36mcommit transaction[0m
  [1m[36mPost Load (0.4ms)[0m  [1m[34mSELECT  "posts".* FROM "posts" LIMIT ?[0m  [["LIMIT", 11]]
  [1m[36mUser Load (0.3ms)[0m  [1m[34mSELECT  "users".* FROM "users" WHERE "users"."id" = ? LIMIT ?[0m  [["id", 2], ["LIMIT", 1]]
  [1m[36mUser Load (0.4ms)[0m  [1m[34mSELECT  "users".* FROM "users" LIMIT ?[0m  [["LIMIT", 11]]
  [1m[36mUser Load (0.2ms)[0m  [1m[34mSELECT  "users".* FROM "users" WHERE "users"."id" = ? LIMIT ?[0m  [["id", 2], ["LIMIT", 1]]
  [1m[36mComment Load (0.2ms)[0m  [1m[34mSELECT  "comments".* FROM "comments" WHERE "comments"."user_id" = ? LIMIT ?[0m  [["user_id", 2], ["LIMIT", 11]]
  [1m[36mComment Load (0.5ms)[0m  [1m[34mSELECT  "comments".* FROM "comments" WHERE "comments"."user_id" = ? ORDER BY "comments"."id" ASC LIMIT ?[0m  [["user_id", 2], ["LIMIT", 1]]
  [1m[36mComment Load (0.5ms)[0m  [1m[34mSELECT  "comments".* FROM "comments" WHERE "comments"."id" = ? LIMIT ?[0m  [["id", 1], ["LIMIT", 1]]
  [1m[36mComment Load (0.2ms)[0m  [1m[34mSELECT  "comments".* FROM "comments" WHERE "comments"."user_id" = ? ORDER BY "comments"."id" ASC LIMIT ?[0m  [["user_id", 2], ["LIMIT", 1]]
  [1m[36mPost Load (0.6ms)[0m  [1m[34mSELECT  "posts".* FROM "posts" ORDER BY "posts"."id" ASC LIMIT ?[0m  [["LIMIT", 1]]
  [1m[36mComment Load (0.3ms)[0m  [1m[34mSELECT  "comments".* FROM "comments" WHERE "comments"."post_id" = ? ORDER BY "comments"."id" ASC LIMIT ?[0m  [["post_id", 1], ["LIMIT", 1]]
  [1m[36mPost Load (0.4ms)[0m  [1m[34mSELECT  "posts".* FROM "posts" WHERE "posts"."id" = ? LIMIT ?[0m  [["id", 1], ["LIMIT", 1]]
  [1m[36mComment Load (0.4ms)[0m  [1m[34mSELECT  "comments".* FROM "comments" LIMIT ?[0m  [["LIMIT", 11]]
  [1m[35m (0.2ms)[0m  [1m[36mbegin transaction[0m
  [1m[35m (0.2ms)[0m  [1m[31mrollback transaction[0m
  [1m[36mUser Load (0.3ms)[0m  [1m[34mSELECT  "users".* FROM "users" WHERE "users"."id" = ? LIMIT ?[0m  [["id", 1], ["LIMIT", 1]]
  [1m[36mPost Load (0.2ms)[0m  [1m[34mSELECT  "posts".* FROM "posts" WHERE "posts"."id" = ? LIMIT ?[0m  [["id", 1], ["LIMIT", 1]]
  [1m[36mPost Load (0.4ms)[0m  [1m[34mSELECT  "posts".* FROM "posts" LIMIT ?[0m  [["LIMIT", 11]]
  [1m[36mUser Load (0.2ms)[0m  [1m[34mSELECT  "users".* FROM "users" LIMIT ?[0m  [["LIMIT", 11]]
  [1m[36mComment Load (0.3ms)[0m  [1m[34mSELECT  "comments".* FROM "comments" LIMIT ?[0m  [["LIMIT", 11]]
  [1m[36mUser Load (0.2ms)[0m  [1m[34mSELECT  "users".* FROM "users" WHERE "users"."id" = ? LIMIT ?[0m  [["id", 2], ["LIMIT", 1]]
  [1m[36mPost Load (0.2ms)[0m  [1m[34mSELECT  "posts".* FROM "posts" WHERE "posts"."id" = ? LIMIT ?[0m  [["id", 1], ["LIMIT", 1]]
  [1m[35m (0.2ms)[0m  [1m[34mSELECT "schema_migrations"."version" FROM "schema_migrations" ORDER BY "schema_migrations"."version" ASC[0m
  ↳ bin/rails:9
  [1m[36mActiveRecord::InternalMetadata Load (1.6ms)[0m  [1m[34mSELECT  "ar_internal_metadata".* FROM "ar_internal_metadata" WHERE "ar_internal_metadata"."key" = ? LIMIT ?[0m  [["key", "environment"], ["LIMIT", 1]]
  ↳ bin/rails:9
  [1m[35m (0.1ms)[0m  [1m[36mbegin transaction[0m
  ↳ bin/rails:9
  [1m[35m (0.1ms)[0m  [1m[36mcommit transaction[0m
  ↳ bin/rails:9
  [1m[35m (0.1ms)[0m  [1m[34mSELECT "schema_migrations"."version" FROM "schema_migrations" ORDER BY "schema_migrations"."version" ASC[0m
  ↳ bin/rails:9
  [1m[36mUser Load (0.2ms)[0m  [1m[34mSELECT  "users".* FROM "users" WHERE "users"."id" = ? LIMIT ?[0m  [["id", 2], ["LIMIT", 1]]
  [1m[35m (0.2ms)[0m  [1m[36mbegin transaction[0m
  [1m[35m (0.1ms)[0m  [1m[31mrollback transaction[0m
